59 
157 
164 
242 
285 
324 
351 
431 
497 
561 
637 
719 
845 
891 
925 
951 
1116 
1172 
1173 
1241 
1245 
1261 
1267 
1290 
1336 
1378 
1440 
1453 
1468 
1534 
1636 
1656 
1692 
1763 
1787 
1817 
1891 
1943 
1973 
2057 
2073 
2093 
2140 
2171 
2185 
2192 
2226 
2288 
2291 
2328 
2363 
2367 
2392 
2435 
2462 
2520 
2546 
2548 
2560 
2627 
2636 
2671 
2687 
2715 
2769 
2789 
2790 
2832 
2839 
2846 
2852 
2869 
2879 
2885 
2896 
2909 
2918 
2920 
2935 
2949 
2950 
2954 
2959 
2962 
2963 
2973 
2977 
2981 
2990 
2994 
2995 
2997 
2999 
3000 
