46 
117 
231 
339 
366 
485 
508 
651 
760 
848 
972 
1023 
1150 
1203 
1219 
1331 
1498 
1502 
1596 
1617 
1735 
1807 
1825 
1904 
2099 
2127 
2161 
2165 
2181 
2234 
2321 
2443 
2471 
2578 
2629 
2677 
2722 
2744 
2805 
2817 
2880 
2908 
3008 
3019 
3041 
3123 
3213 
3266 
3297 
3316 
3388 
3444 
3468 
3531 
3546 
3569 
3637 
3648 
3679 
3689 
3751 
3785 
3794 
3819 
3866 
3911 
3946 
3990 
4047 
4072 
4083 
4131 
4144 
4146 
4189 
4215 
4252 
4295 
4307 
4333 
4356 
4380 
4421 
4486 
4502 
4510 
4552 
4555 
4563 
4579 
4632 
4648 
4655 
4671 
4676 
4680 
4696 
4757 
4771 
4774 
4815 
4836 
4840 
4853 
4872 
4880 
4893 
4895 
4918 
4939 
4942 
4946 
4948 
4950 
4959 
4963 
4972 
4974 
4978 
4986 
4988 
4989 
4995 
4996 
4997 
5000 
