230 
246 
304 
330 
466 
520 
527 
546 
579 
743 
798 
852 
876 
879 
1059 
1062 
1086 
1149 
1221 
1270 
1446 
1552 
1633 
1799 
1811 
1872 
1970 
1995 
2064 
2228 
2326 
2366 
2371 
2513 
2578 
2587 
2758 
2795 
2898 
2959 
3010 
3047 
3064 
3093 
3226 
3232 
3317 
3428 
3506 
3545 
3615 
3617 
3660 
3723 
3765 
3870 
3874 
3877 
3885 
4030 
4033 
4036 
4138 
4172 
4202 
4210 
4231 
4329 
4352 
4385 
4411 
4506 
4508 
4526 
4653 
4689 
4722 
4777 
4854 
4929 
4960 
5022 
5052 
5082 
5115 
5215 
5241 
5266 
5282 
5333 
5342 
5371 
5409 
5415 
5468 
5498 
5556 
5557 
5585 
5644 
5651 
5653 
5709 
5710 
5734 
5752 
5770 
5791 
5806 
5816 
5818 
5832 
5838 
5851 
5881 
5891 
5897 
5900 
5910 
5915 
5927 
5939 
5959 
5962 
5979 
5987 
5990 
5993 
5994 
5997 
6000 
