97 
142 
161 
274 
335 
481 
642 
675 
869 
878 
999 
1028 
1251 
1268 
1322 
1423 
1465 
1512 
1533 
1646 
1663 
1797 
1923 
1946 
2045 
2178 
2185 
2195 
2230 
2449 
2464 
2532 
2569 
2628 
2694 
2700 
2830 
2904 
2970 
3094 
3243 
3302 
3314 
3428 
3517 
3573 
3576 
3582 
3587 
3794 
3887 
3954 
3978 
4028 
4158 
4209 
4266 
4317 
4320 
4368 
4451 
4542 
4592 
4631 
4644 
4658 
4675 
4788 
4793 
4816 
4825 
4855 
4864 
4910 
4923 
5010 
5038 
5164 
5198 
5204 
5222 
5289 
5295 
5308 
5416 
5430 
5519 
5573 
5600 
5612 
5652 
5675 
5688 
5705 
5779 
5811 
5812 
5918 
5952 
6018 
6040 
6128 
6152 
6160 
6186 
6199 
6215 
6255 
6275 
6325 
6336 
6380 
6424 
6485 
6518 
6521 
6573 
6575 
6637 
6656 
6693 
6714 
6718 
6726 
6753 
6768 
6782 
6789 
6790 
6804 
6818 
6846 
6847 
6853 
6867 
6881 
6892 
6893 
6913 
6918 
6925 
6936 
6954 
6955 
6970 
6974 
6977 
6983 
6987 
6991 
6993 
6996 
6998 
6999 
7000 
