4 
55 
312 
385 
408 
614 
700 
840 
882 
922 
970 
1035 
1208 
1270 
1346 
1359 
1428 
1524 
1592 
1715 
1743 
1830 
1905 
1961 
1971 
2116 
2174 
2387 
2474 
2663 
2786 
2788 
2888 
2901 
3022 
3048 
3086 
3124 
3236 
3276 
3356 
3427 
3456 
3603 
3609 
3664 
3716 
3717 
3819 
3952 
3975 
4119 
4168 
4262 
4396 
4406 
4468 
4479 
4548 
4583 
4672 
4736 
4836 
4994 
5077 
5233 
5245 
5316 
5352 
5356 
5508 
5530 
5593 
5609 
5631 
5682 
5757 
5787 
5792 
5922 
5932 
5944 
5993 
6011 
6146 
6251 
6311 
6375 
6416 
6453 
6565 
6568 
6676 
6683 
6798 
6809 
6865 
6920 
6948 
6993 
7012 
7038 
7075 
7097 
7189 
7193 
7205 
7210 
7248 
7250 
7261 
7295 
7320 
7441 
7464 
7467 
7492 
7541 
7543 
7571 
7613 
7629 
7637 
7651 
7690 
7738 
7756 
7757 
7781 
7812 
7817 
7821 
7825 
7856 
7881 
7897 
7909 
7930 
7937 
7954 
7963 
7968 
7972 
7978 
7981 
7986 
7993 
7995 
7998 
8000 
