115 
173 
308 
320 
391 
494 
521 
679 
757 
805 
832 
970 
1167 
1181 
1339 
1421 
1520 
1549 
1737 
1756 
1843 
1869 
1927 
2134 
2326 
2352 
2440 
2476 
2618 
2648 
2669 
2770 
2905 
2988 
3039 
3052 
3155 
3178 
3334 
3378 
3579 
3610 
3676 
3765 
3855 
3887 
3892 
3967 
4013 
4065 
4248 
4296 
4332 
4391 
4438 
4501 
4533 
4565 
4648 
4743 
4795 
4805 
4862 
4955 
4971 
5068 
5083 
5134 
5148 
5320 
5378 
5535 
5602 
5644 
5651 
5793 
5806 
5848 
5878 
5944 
5946 
6024 
6087 
6202 
6298 
6325 
6348 
6416 
6474 
6542 
6731 
6822 
6904 
6989 
7015 
7062 
7120 
7197 
7256 
7328 
7363 
7397 
7411 
7480 
7541 
7622 
7641 
7739 
7792 
7815 
7841 
7845 
7918 
7925 
7952 
7990 
8060 
8080 
8111 
8113 
8132 
8142 
8147 
8152 
8190 
8255 
8278 
8339 
8352 
8381 
8402 
8404 
8424 
8450 
8475 
8497 
8507 
8538 
8542 
8571 
8577 
8581 
8628 
8631 
8636 
8665 
8682 
8695 
8715 
8724 
8729 
8768 
8778 
8781 
8795 
8808 
8848 
8869 
8876 
8877 
8895 
8912 
8918 
8930 
8945 
8952 
8956 
8957 
8958 
8975 
8977 
8986 
8993 
8994 
8995 
9000 
