76 
95 
195 
341 
383 
598 
705 
723 
852 
946 
1060 
1061 
1231 
1387 
1475 
1523 
1596 
1631 
1693 
1875 
2034 
2084 
2305 
2464 
2497 
2522 
2662 
2780 
2820 
2864 
3064 
3152 
3302 
3435 
3507 
3530 
3604 
3643 
3727 
3786 
3936 
4042 
4196 
4283 
4385 
4524 
4542 
4572 
4642 
4718 
4801 
4837 
4929 
4941 
4997 
5025 
5046 
5141 
5220 
5264 
5379 
5511 
5539 
5694 
5752 
5760 
5835 
5886 
5946 
5966 
6020 
6079 
6134 
6183 
6190 
6240 
6260 
6332 
6385 
6433 
6492 
6505 
6583 
6613 
6635 
6703 
6766 
6819 
6847 
6919 
6928 
7014 
7168 
7197 
7217 
7258 
7361 
7379 
7430 
7555 
7586 
7619 
7677 
7685 
7743 
7780 
7852 
7877 
7896 
7955 
8022 
8037 
8105 
8119 
8188 
8196 
8205 
8258 
8300 
8354 
8394 
8442 
8460 
8507 
8525 
8529 
8606 
8607 
8614 
8615 
8630 
8638 
8644 
8668 
8721 
8744 
8772 
8776 
8793 
8802 
8812 
8819 
8835 
8847 
8855 
8866 
8911 
8913 
8919 
8921 
8944 
8946 
8949 
8958 
8967 
8974 
8984 
8986 
8988 
8999 
9000 
