-233309014525602884
-233309014525602884
-233309014525602884
-233309014525602884
-233309014525602884
-233309014525602884
-233309014525537348
-521539390677253188
-521398653193153604
-521398653188885572
-521398653188951108
-89123457709759572
-232183114891312212
-89193826445446212
-231972008658791492
-88349402584845380
-268141544231496788
-375242775826889940
-377215296734325844
-376300501982076116
-521752696205679636
-557579188185447620
-557849667232177234
-412258895897132124
-411201235512802322
-521550322170199250
-575866283016453146
-510580015275048084
-1152334321775934684
-1123060406654467834
-3449172159459622418
-3458179562758864632
-1143900327242757876
-1152353512327347964
-3458197104983406336
-566868060924409560
-567431537010276064
-2881735706994147072
-1152916966869169888
-575875784164638716
-575875809801795296
-3458760115572309756
-3458760106982504444
-3458161972857665280
-3458729329380423424
-3458729320791015424
-3458760115774029568
-4611649734526630912
-7998352256212532224
4106353884532944539
-8639998362748476911
8536818562194681081
-1524667150968041156
2315568039017238374
-6833675556462567491
-6485946776145512670
-6819665121360695422
8320687954792870933
-4027322647763658504
7213670799942175885
1558676420063624299
5516254102986760933
-7222969104454759766
1701136405865692864
